<?xml version="1.0" encoding="UTF-8" ?>
<testsuite errors="1" failures="0" hostname="vandelay" name="CourseControllerTest" skipped="0" tests="1" time="0.0" timestamp="2017-04-09T14:06:23">
  <properties>
[...]
</properties>
  <testcase classname="CourseControllerTest" name="testCreateCourseValid" time="0.0">
    <error message="Forked Java VM exited abnormally. Please note the time in the report does not reflect the time until the VM exit." type="junit.framework.AssertionFailedError">junit.framework.AssertionFailedError: Forked Java VM exited abnormally. Please note the time in the report does not reflect the time until the VM exit.
</error>
  </testcase>
</testsuite>
