<?xml version="1.0" encoding="UTF-8" ?>
<testsuite errors="0" failures="0" hostname="vandelay" name="ca.mcgill.ecse321.group10.TAMAS.model.TestProfile" skipped="0" tests="7" time="0.121" timestamp="2017-04-11T20:19:48">
  <properties>
[...]
</properties>
  <testcase classname="ca.mcgill.ecse321.group10.TAMAS.model.TestProfile" name="testModifyProfiles" time="0.068" />
  <testcase classname="ca.mcgill.ecse321.group10.TAMAS.model.TestProfile" name="testAddCourseToInstructor" time="0.01" />
  <testcase classname="ca.mcgill.ecse321.group10.TAMAS.model.TestProfile" name="testAcceptJob" time="0.005" />
  <testcase classname="ca.mcgill.ecse321.group10.TAMAS.model.TestProfile" name="testValidateProfile" time="0.002" />
  <testcase classname="ca.mcgill.ecse321.group10.TAMAS.model.TestProfile" name="testAddAndRemoveJobOffer" time="0.008" />
  <testcase classname="ca.mcgill.ecse321.group10.TAMAS.model.TestProfile" name="testProfileWithAdmin" time="0.001" />
  <testcase classname="ca.mcgill.ecse321.group10.TAMAS.model.TestProfile" name="testUsernameFree" time="0.002" />
  <system-out><![CDATA[]]></system-out>
  <system-err><![CDATA[]]></system-err>
</testsuite>
