<?xml version="1.0" encoding="UTF-8" ?>
<testsuite errors="0" failures="0" hostname="vandelay" name="ca.mcgill.ecse321.group10.TAMAS.model.TestCourse" skipped="0" tests="24" time="0.114" timestamp="2017-04-10T21:46:53">
  <properties>
[...]
</properties>
  <testcase classname="ca.mcgill.ecse321.group10.TAMAS.model.TestCourse" name="testSetClassName" time="0.015" />
  <testcase classname="ca.mcgill.ecse321.group10.TAMAS.model.TestCourse" name="testCourseCdnNegative" time="0.0" />
  <testcase classname="ca.mcgill.ecse321.group10.TAMAS.model.TestCourse" name="testGetGraderTimeBudget" time="0.001" />
  <testcase classname="ca.mcgill.ecse321.group10.TAMAS.model.TestCourse" name="testGetTaTimeBudget" time="0.001" />
  <testcase classname="ca.mcgill.ecse321.group10.TAMAS.model.TestCourse" name="testAddJobTwoJobs" time="0.003" />
  <testcase classname="ca.mcgill.ecse321.group10.TAMAS.model.TestCourse" name="testAddJobJob_getJob" time="0.001" />
  <testcase classname="ca.mcgill.ecse321.group10.TAMAS.model.TestCourse" name="testCourseClassNameNumerical" time="0.001" />
  <testcase classname="ca.mcgill.ecse321.group10.TAMAS.model.TestCourse" name="testAddOrMoveJobAt" time="0.002" />
  <testcase classname="ca.mcgill.ecse321.group10.TAMAS.model.TestCourse" name="testCourseCdnNonUnique" time="0.001" />
  <testcase classname="ca.mcgill.ecse321.group10.TAMAS.model.TestCourse" name="testCourseClassNameEmpty" time="0.0" />
  <testcase classname="ca.mcgill.ecse321.group10.TAMAS.model.TestCourse" name="testSetTaTimeBudget" time="0.001" />
  <testcase classname="ca.mcgill.ecse321.group10.TAMAS.model.TestCourse" name="testCourseClassNameNull" time="0.001" />
  <testcase classname="ca.mcgill.ecse321.group10.TAMAS.model.TestCourse" name="testAddJobTimeTimeStringDoubleStringInstructor" time="0.0" />
  <testcase classname="ca.mcgill.ecse321.group10.TAMAS.model.TestCourse" name="testAddJobAtAvailableIndex" time="0.002" />
  <testcase classname="ca.mcgill.ecse321.group10.TAMAS.model.TestCourse" name="testNumberOfJob_getJob_hasJobs_indexOfJob" time="0.001" />
  <testcase classname="ca.mcgill.ecse321.group10.TAMAS.model.TestCourse" name="testGetClassName" time="0.002" />
  <testcase classname="ca.mcgill.ecse321.group10.TAMAS.model.TestCourse" name="testMinimumNumberOfJobs" time="0.0" />
  <testcase classname="ca.mcgill.ecse321.group10.TAMAS.model.TestCourse" name="testSetGraderTimeBudget" time="0.001" />
  <testcase classname="ca.mcgill.ecse321.group10.TAMAS.model.TestCourse" name="testDelete" time="0.0" />
  <testcase classname="ca.mcgill.ecse321.group10.TAMAS.model.TestCourse" name="testModifyBudgets" time="0.002" />
  <testcase classname="ca.mcgill.ecse321.group10.TAMAS.model.TestCourse" name="testGetCdn" time="0.0" />
  <testcase classname="ca.mcgill.ecse321.group10.TAMAS.model.TestCourse" name="testCourseGraderTaTimeBudgetNegative" time="0.001" />
  <testcase classname="ca.mcgill.ecse321.group10.TAMAS.model.TestCourse" name="testRemoveJob" time="0.0" />
  <testcase classname="ca.mcgill.ecse321.group10.TAMAS.model.TestCourse" name="testCourseClassNameEmptySpace" time="0.0" />
  <system-out><![CDATA[]]></system-out>
  <system-err><![CDATA[]]></system-err>
</testsuite>
